mode: set
github.com/lazycommit/lazycommit/cmd/root.go:22.22,24.2 1 1
github.com/lazycommit/lazycommit/cmd/root.go:26.13,50.2 18 1
github.com/lazycommit/lazycommit/cmd/root.go:52.19,53.19 1 0
github.com/lazycommit/lazycommit/cmd/root.go:53.19,55.3 1 0
github.com/lazycommit/lazycommit/cmd/root.go:55.8,57.17 2 0
github.com/lazycommit/lazycommit/cmd/root.go:57.17,60.4 2 0
github.com/lazycommit/lazycommit/cmd/root.go:62.3,64.32 3 0
github.com/lazycommit/lazycommit/cmd/root.go:67.2,69.45 2 0
github.com/lazycommit/lazycommit/cmd/root.go:69.45,71.3 1 0
github.com/lazycommit/lazycommit/cmd/root.go:71.8,73.3 1 0
github.com/lazycommit/lazycommit/cmd/core/brief.go:10.35,15.48 1 1
github.com/lazycommit/lazycommit/cmd/core/brief.go:15.48,17.22 2 0
github.com/lazycommit/lazycommit/cmd/core/brief.go:17.22,19.5 1 0
github.com/lazycommit/lazycommit/cmd/core/brief.go:21.4,22.18 2 0
github.com/lazycommit/lazycommit/cmd/core/brief.go:22.18,25.5 2 0
github.com/lazycommit/lazycommit/cmd/core/brief.go:27.4,28.29 2 0
github.com/lazycommit/lazycommit/cmd/core/commit.go:20.36,29.48 1 1
github.com/lazycommit/lazycommit/cmd/core/commit.go:29.48,31.39 2 0
github.com/lazycommit/lazycommit/cmd/core/commit.go:31.39,33.5 1 0
github.com/lazycommit/lazycommit/cmd/core/commit.go:35.4,36.22 2 0
github.com/lazycommit/lazycommit/cmd/core/commit.go:36.22,37.28 1 0
github.com/lazycommit/lazycommit/cmd/core/commit.go:37.28,39.6 1 0
github.com/lazycommit/lazycommit/cmd/core/commit.go:39.11,41.6 1 0
github.com/lazycommit/lazycommit/cmd/core/commit.go:44.4,45.18 2 0
github.com/lazycommit/lazycommit/cmd/core/commit.go:45.18,48.5 2 0
github.com/lazycommit/lazycommit/cmd/core/commit.go:50.4,58.18 6 0
github.com/lazycommit/lazycommit/cmd/core/commit.go:58.18,61.5 2 0
github.com/lazycommit/lazycommit/cmd/core/commit.go:64.4,71.6 2 0
github.com/lazycommit/lazycommit/cmd/core/json.go:18.50,26.2 2 0
github.com/lazycommit/lazycommit/cmd/core/json.go:28.48,36.2 2 0
github.com/lazycommit/lazycommit/cmd/core/json.go:38.35,41.42 3 0
github.com/lazycommit/lazycommit/cmd/core/json.go:41.42,43.3 1 0
github.com/lazycommit/lazycommit/cmd/core/log.go:30.33,35.48 1 1
github.com/lazycommit/lazycommit/cmd/core/log.go:35.48,38.20 2 0
github.com/lazycommit/lazycommit/cmd/core/log.go:38.20,40.19 2 0
github.com/lazycommit/lazycommit/cmd/core/log.go:40.19,43.6 2 0
github.com/lazycommit/lazycommit/cmd/core/log.go:44.5,45.11 2 0
github.com/lazycommit/lazycommit/cmd/core/log.go:48.4,49.22 2 0
github.com/lazycommit/lazycommit/cmd/core/log.go:49.22,52.19 3 0
github.com/lazycommit/lazycommit/cmd/core/log.go:52.19,55.6 2 0
github.com/lazycommit/lazycommit/cmd/core/log.go:56.5,56.23 1 0
github.com/lazycommit/lazycommit/cmd/core/log.go:59.4,59.17 1 0
github.com/lazycommit/lazycommit/cmd/core/log.go:59.17,60.23 1 0
github.com/lazycommit/lazycommit/cmd/core/log.go:60.23,63.6 2 0
github.com/lazycommit/lazycommit/cmd/core/log.go:64.5,65.19 2 0
github.com/lazycommit/lazycommit/cmd/core/log.go:65.19,68.6 2 0
github.com/lazycommit/lazycommit/cmd/core/log.go:69.5,70.11 2 0
github.com/lazycommit/lazycommit/cmd/core/log.go:73.4,73.22 1 0
github.com/lazycommit/lazycommit/cmd/core/log.go:73.22,77.5 2 0
github.com/lazycommit/lazycommit/cmd/core/log.go:77.10,80.19 2 0
github.com/lazycommit/lazycommit/cmd/core/log.go:80.19,83.6 2 0
github.com/lazycommit/lazycommit/cmd/core/log.go:84.5,84.78 1 0
github.com/lazycommit/lazycommit/cmd/core/log.go:89.2,92.12 3 1
github.com/lazycommit/lazycommit/cmd/core/push.go:18.34,23.48 1 1
github.com/lazycommit/lazycommit/cmd/core/push.go:23.48,25.22 2 0
github.com/lazycommit/lazycommit/cmd/core/push.go:25.22,27.5 1 0
github.com/lazycommit/lazycommit/cmd/core/push.go:29.4,30.18 2 0
github.com/lazycommit/lazycommit/cmd/core/push.go:30.18,33.5 2 0
github.com/lazycommit/lazycommit/cmd/core/push.go:35.4,40.19 5 0
github.com/lazycommit/lazycommit/cmd/core/push.go:40.19,43.5 2 0
github.com/lazycommit/lazycommit/cmd/core/push.go:45.4,46.18 2 0
github.com/lazycommit/lazycommit/cmd/core/push.go:46.18,49.5 2 0
github.com/lazycommit/lazycommit/cmd/core/push.go:51.4,55.6 1 0
github.com/lazycommit/lazycommit/cmd/core/scan.go:10.34,15.48 1 1
github.com/lazycommit/lazycommit/cmd/core/scan.go:15.48,17.22 2 0
github.com/lazycommit/lazycommit/cmd/core/scan.go:17.22,19.5 1 0
github.com/lazycommit/lazycommit/cmd/core/scan.go:21.4,22.18 2 0
github.com/lazycommit/lazycommit/cmd/core/scan.go:22.18,25.5 2 0
github.com/lazycommit/lazycommit/cmd/core/scan.go:27.4,28.18 2 0
github.com/lazycommit/lazycommit/cmd/core/scan.go:28.18,31.5 2 0
github.com/lazycommit/lazycommit/cmd/core/scan.go:33.4,33.28 1 0
github.com/lazycommit/lazycommit/cmd/core/ssh.go:8.33,14.48 1 1
github.com/lazycommit/lazycommit/cmd/core/ssh.go:14.48,17.18 3 0
github.com/lazycommit/lazycommit/cmd/core/ssh.go:17.18,20.5 2 0
github.com/lazycommit/lazycommit/cmd/core/ssh.go:21.4,21.25 1 0
github.com/lazycommit/lazycommit/cmd/core/utils.go:8.55,9.25 1 0
github.com/lazycommit/lazycommit/cmd/core/utils.go:9.25,11.3 1 0
github.com/lazycommit/lazycommit/cmd/core/utils.go:12.2,12.42 1 0
github.com/lazycommit/lazycommit/cmd/core/utils.go:15.43,19.2 3 0
github.com/lazycommit/lazycommit/cmd/core/validate.go:23.38,28.48 1 1
github.com/lazycommit/lazycommit/cmd/core/validate.go:28.48,31.26 2 0
github.com/lazycommit/lazycommit/cmd/core/validate.go:31.26,34.21 3 0
github.com/lazycommit/lazycommit/cmd/core/validate.go:34.21,36.6 1 0
github.com/lazycommit/lazycommit/cmd/core/validate.go:39.4,39.33 1 0
github.com/lazycommit/lazycommit/cmd/core/validate.go:39.33,41.23 2 0
github.com/lazycommit/lazycommit/cmd/core/validate.go:41.23,43.6 1 0
github.com/lazycommit/lazycommit/cmd/core/validate.go:44.5,45.19 2 0
github.com/lazycommit/lazycommit/cmd/core/validate.go:45.19,48.6 2 0
github.com/lazycommit/lazycommit/cmd/core/validate.go:51.4,51.31 1 0
github.com/lazycommit/lazycommit/cmd/core/validate.go:55.2,59.12 4 1
github.com/lazycommit/lazycommit/cmd/core/watch.go:22.35,30.48 1 1
github.com/lazycommit/lazycommit/cmd/core/watch.go:30.48,39.14 6 0
github.com/lazycommit/lazycommit/cmd/core/watch.go:39.14,42.5 2 0
github.com/lazycommit/lazycommit/cmd/core/watch.go:44.4,48.30 3 0
github.com/lazycommit/lazycommit/cmd/core/watch.go:48.30,50.19 2 0
github.com/lazycommit/lazycommit/cmd/core/watch.go:50.19,51.14 1 0
github.com/lazycommit/lazycommit/cmd/core/watch.go:54.5,55.23 2 0
github.com/lazycommit/lazycommit/cmd/core/watch.go:55.23,60.16 3 0
github.com/lazycommit/lazycommit/cmd/core/watch.go:60.16,61.43 1 0
github.com/lazycommit/lazycommit/cmd/core/watch.go:61.44,63.8 0 0
github.com/lazycommit/lazycommit/cmd/core/watch.go:67.6,67.10 1 0
github.com/lazycommit/lazycommit/cmd/core/watch.go:67.10,68.14 1 0
github.com/lazycommit/lazycommit/cmd/core/watch.go:69.32,74.9 1 0
github.com/lazycommit/lazycommit/cmd/core/watch.go:75.25,76.14 1 0
github.com/lazycommit/lazycommit/cmd/core/watch.go:83.4,83.14 1 0
github.com/lazycommit/lazycommit/cmd/core/watch.go:83.14,84.31 1 0
github.com/lazycommit/lazycommit/cmd/core/watch.go:84.31,86.6 1 0
github.com/lazycommit/lazycommit/cmd/core/watch.go:89.4,90.20 2 0
github.com/lazycommit/lazycommit/cmd/dev/daemon.go:18.36,23.48 1 1
github.com/lazycommit/lazycommit/cmd/dev/daemon.go:23.48,25.18 2 0
github.com/lazycommit/lazycommit/cmd/dev/daemon.go:25.18,27.5 1 0
github.com/lazycommit/lazycommit/cmd/dev/daemon.go:29.4,30.23 2 0
github.com/lazycommit/lazycommit/cmd/dev/daemon.go:30.23,33.5 2 0
github.com/lazycommit/lazycommit/cmd/dev/daemon.go:33.10,35.5 1 0
github.com/lazycommit/lazycommit/cmd/dev/daemon.go:36.4,46.18 8 0
github.com/lazycommit/lazycommit/cmd/dev/daemon.go:46.18,48.5 1 0
github.com/lazycommit/lazycommit/cmd/dev/daemon.go:49.4,51.56 2 0
github.com/lazycommit/lazycommit/cmd/dev/daemon.go:51.56,53.5 1 0
github.com/lazycommit/lazycommit/cmd/dev/daemon.go:57.2,58.12 2 1
github.com/lazycommit/lazycommit/cmd/dev/destroy.go:14.37,19.48 1 1
github.com/lazycommit/lazycommit/cmd/dev/destroy.go:19.48,25.38 5 0
github.com/lazycommit/lazycommit/cmd/dev/destroy.go:25.38,28.5 2 0
github.com/lazycommit/lazycommit/cmd/dev/destroy.go:30.4,47.18 10 0
github.com/lazycommit/lazycommit/cmd/dev/destroy.go:47.18,50.5 2 0
github.com/lazycommit/lazycommit/cmd/dev/destroy.go:52.4,52.75 1 0
github.com/lazycommit/lazycommit/cmd/dev/logs.go:17.34,22.48 1 1
github.com/lazycommit/lazycommit/cmd/dev/logs.go:22.48,24.22 2 0
github.com/lazycommit/lazycommit/cmd/dev/logs.go:24.22,26.5 1 0
github.com/lazycommit/lazycommit/cmd/dev/logs.go:26.10,28.19 2 0
github.com/lazycommit/lazycommit/cmd/dev/logs.go:28.19,31.6 2 0
github.com/lazycommit/lazycommit/cmd/dev/logs.go:32.5,32.19 1 0
github.com/lazycommit/lazycommit/cmd/dev/logs.go:35.4,36.18 2 0
github.com/lazycommit/lazycommit/cmd/dev/logs.go:36.18,39.5 2 0
github.com/lazycommit/lazycommit/cmd/dev/logs.go:41.4,45.54 4 0
github.com/lazycommit/lazycommit/cmd/dev/logs.go:45.54,48.5 2 0
github.com/lazycommit/lazycommit/cmd/dev/logs.go:50.4,51.18 2 0
github.com/lazycommit/lazycommit/cmd/dev/logs.go:51.18,54.5 2 0
github.com/lazycommit/lazycommit/cmd/dev/logs.go:55.4,62.23 6 0
github.com/lazycommit/lazycommit/cmd/dev/logs.go:62.23,64.67 2 0
github.com/lazycommit/lazycommit/cmd/dev/logs.go:64.67,65.14 1 0
github.com/lazycommit/lazycommit/cmd/dev/logs.go:68.5,72.26 5 0
github.com/lazycommit/lazycommit/cmd/dev/logs.go:72.26,74.6 1 0
github.com/lazycommit/lazycommit/cmd/dev/logs.go:76.5,76.76 1 0
github.com/lazycommit/lazycommit/cmd/dev/logs.go:79.4,79.40 1 0
github.com/lazycommit/lazycommit/cmd/dev/logs.go:79.40,81.5 1 0
github.com/lazycommit/lazycommit/cmd/dev/reset.go:11.35,15.48 1 1
github.com/lazycommit/lazycommit/cmd/dev/reset.go:15.48,30.41 10 0
github.com/lazycommit/lazycommit/cmd/dev/reset.go:30.41,33.5 2 0
github.com/lazycommit/lazycommit/cmd/dev/reset.go:35.4,35.55 1 0
github.com/lazycommit/lazycommit/cmd/dev/schedule.go:39.38,50.48 1 1
github.com/lazycommit/lazycommit/cmd/dev/schedule.go:50.48,52.18 2 0
github.com/lazycommit/lazycommit/cmd/dev/schedule.go:52.18,55.5 2 0
github.com/lazycommit/lazycommit/cmd/dev/schedule.go:57.4,57.27 1 0
github.com/lazycommit/lazycommit/cmd/dev/schedule.go:57.27,59.19 2 0
github.com/lazycommit/lazycommit/cmd/dev/schedule.go:59.19,62.6 2 0
github.com/lazycommit/lazycommit/cmd/dev/schedule.go:63.5,63.22 1 0
github.com/lazycommit/lazycommit/cmd/dev/schedule.go:63.22,66.6 2 0
github.com/lazycommit/lazycommit/cmd/dev/schedule.go:67.5,72.11 2 0
github.com/lazycommit/lazycommit/cmd/dev/schedule.go:75.4,75.16 1 0
github.com/lazycommit/lazycommit/cmd/dev/schedule.go:75.16,77.19 2 0
github.com/lazycommit/lazycommit/cmd/dev/schedule.go:77.19,80.6 2 0
github.com/lazycommit/lazycommit/cmd/dev/schedule.go:81.5,82.11 2 0
github.com/lazycommit/lazycommit/cmd/dev/schedule.go:85.4,86.22 2 0
github.com/lazycommit/lazycommit/cmd/dev/schedule.go:86.22,88.5 1 0
github.com/lazycommit/lazycommit/cmd/dev/schedule.go:89.4,90.18 2 0
github.com/lazycommit/lazycommit/cmd/dev/schedule.go:90.18,93.5 2 0
github.com/lazycommit/lazycommit/cmd/dev/schedule.go:95.4,98.18 3 0
github.com/lazycommit/lazycommit/cmd/dev/schedule.go:98.18,102.5 3 0
github.com/lazycommit/lazycommit/cmd/dev/schedule.go:102.10,102.23 1 0
github.com/lazycommit/lazycommit/cmd/dev/schedule.go:102.23,104.5 1 0
github.com/lazycommit/lazycommit/cmd/dev/schedule.go:104.10,104.28 1 0
github.com/lazycommit/lazycommit/cmd/dev/schedule.go:104.28,107.5 2 0
github.com/lazycommit/lazycommit/cmd/dev/schedule.go:107.10,110.5 2 0
github.com/lazycommit/lazycommit/cmd/dev/schedule.go:112.4,113.18 2 0
github.com/lazycommit/lazycommit/cmd/dev/schedule.go:113.18,116.5 2 0
github.com/lazycommit/lazycommit/cmd/dev/schedule.go:118.4,118.21 1 0
github.com/lazycommit/lazycommit/cmd/dev/schedule.go:118.21,121.5 2 0
github.com/lazycommit/lazycommit/cmd/dev/schedule.go:124.4,134.6 2 0
github.com/lazycommit/lazycommit/cmd/dev/schedule.go:138.2,145.12 7 1
github.com/lazycommit/lazycommit/cmd/dev/start.go:22.35,26.48 1 1
github.com/lazycommit/lazycommit/cmd/dev/start.go:26.48,30.37 3 0
github.com/lazycommit/lazycommit/cmd/dev/start.go:30.37,34.5 3 0
github.com/lazycommit/lazycommit/cmd/dev/start.go:35.4,37.19 2 0
github.com/lazycommit/lazycommit/cmd/dev/start.go:37.19,39.19 2 0
github.com/lazycommit/lazycommit/cmd/dev/start.go:39.19,42.6 2 0
github.com/lazycommit/lazycommit/cmd/dev/start.go:43.5,44.11 2 0
github.com/lazycommit/lazycommit/cmd/dev/start.go:47.4,50.46 3 0
github.com/lazycommit/lazycommit/cmd/dev/start.go:50.46,54.19 4 0
github.com/lazycommit/lazycommit/cmd/dev/start.go:54.19,56.20 2 0
github.com/lazycommit/lazycommit/cmd/dev/start.go:56.20,59.7 2 0
github.com/lazycommit/lazycommit/cmd/dev/start.go:63.4,63.15 1 0
github.com/lazycommit/lazycommit/cmd/dev/start.go:63.15,66.18 2 0
github.com/lazycommit/lazycommit/cmd/dev/start.go:66.18,68.6 1 0
github.com/lazycommit/lazycommit/cmd/dev/start.go:69.5,74.43 6 0
github.com/lazycommit/lazycommit/cmd/dev/start.go:74.43,76.6 1 0
github.com/lazycommit/lazycommit/cmd/dev/start.go:77.5,77.11 1 0
github.com/lazycommit/lazycommit/cmd/dev/start.go:80.4,82.17 3 0
github.com/lazycommit/lazycommit/cmd/dev/start.go:82.17,84.5 1 0
github.com/lazycommit/lazycommit/cmd/dev/start.go:85.4,99.18 10 0
github.com/lazycommit/lazycommit/cmd/dev/start.go:99.18,102.5 2 0
github.com/lazycommit/lazycommit/cmd/dev/start.go:104.4,104.78 1 0
github.com/lazycommit/lazycommit/cmd/dev/start.go:108.2,111.12 4 1
github.com/lazycommit/lazycommit/cmd/dev/status.go:14.36,18.48 1 1
github.com/lazycommit/lazycommit/cmd/dev/status.go:18.48,22.46 3 0
github.com/lazycommit/lazycommit/cmd/dev/status.go:22.46,25.5 2 0
github.com/lazycommit/lazycommit/cmd/dev/status.go:27.4,30.18 4 0
github.com/lazycommit/lazycommit/cmd/dev/status.go:30.18,32.19 2 0
github.com/lazycommit/lazycommit/cmd/dev/status.go:32.19,36.20 3 0
github.com/lazycommit/lazycommit/cmd/dev/status.go:36.20,39.7 2 0
github.com/lazycommit/lazycommit/cmd/dev/status.go:41.6,42.20 2 0
github.com/lazycommit/lazycommit/cmd/dev/status.go:42.20,45.7 2 0
github.com/lazycommit/lazycommit/cmd/dev/status.go:47.6,48.38 2 0
github.com/lazycommit/lazycommit/cmd/dev/status.go:48.38,50.7 1 0
github.com/lazycommit/lazycommit/cmd/dev/status.go:51.6,51.12 1 0
github.com/lazycommit/lazycommit/cmd/dev/status.go:55.4,55.68 1 0
github.com/lazycommit/lazycommit/cmd/dev/stop.go:16.34,20.48 1 1
github.com/lazycommit/lazycommit/cmd/dev/stop.go:20.48,25.46 4 0
github.com/lazycommit/lazycommit/cmd/dev/stop.go:25.46,29.5 3 0
github.com/lazycommit/lazycommit/cmd/dev/stop.go:31.4,34.18 4 0
github.com/lazycommit/lazycommit/cmd/dev/stop.go:34.18,38.5 3 0
github.com/lazycommit/lazycommit/cmd/dev/stop.go:41.4,42.18 2 0
github.com/lazycommit/lazycommit/cmd/dev/stop.go:42.18,46.5 3 0
github.com/lazycommit/lazycommit/cmd/dev/stop.go:48.4,48.17 1 0
github.com/lazycommit/lazycommit/cmd/dev/stop.go:48.17,51.5 2 0
github.com/lazycommit/lazycommit/cmd/dev/stop.go:51.10,54.5 2 0
github.com/lazycommit/lazycommit/cmd/dev/stop.go:57.4,57.28 1 0
github.com/lazycommit/lazycommit/cmd/dev/stop.go:57.28,59.19 2 0
github.com/lazycommit/lazycommit/cmd/dev/stop.go:59.19,63.6 3 0
github.com/lazycommit/lazycommit/cmd/dev/stop.go:64.5,64.39 1 0
github.com/lazycommit/lazycommit/cmd/dev/stop.go:67.4,67.18 1 0
github.com/lazycommit/lazycommit/cmd/dev/stop.go:67.18,69.5 1 0
github.com/lazycommit/lazycommit/cmd/dev/stop.go:69.10,71.5 1 0
github.com/lazycommit/lazycommit/cmd/dev/stop.go:75.2,76.12 2 1
github.com/lazycommit/lazycommit/cmd/dev/stop.go:79.52,80.44 1 0
github.com/lazycommit/lazycommit/cmd/dev/stop.go:80.44,82.3 1 0
github.com/lazycommit/lazycommit/cmd/dev/stop.go:83.2,83.47 1 0
github.com/lazycommit/lazycommit/cmd/dev/stop.go:83.47,85.3 1 0
github.com/lazycommit/lazycommit/cmd/core/brief.go:10.35,15.48 1 0
github.com/lazycommit/lazycommit/cmd/core/brief.go:15.48,17.22 2 0
github.com/lazycommit/lazycommit/cmd/core/brief.go:17.22,19.5 1 0
github.com/lazycommit/lazycommit/cmd/core/brief.go:21.4,22.18 2 0
github.com/lazycommit/lazycommit/cmd/core/brief.go:22.18,25.5 2 0
github.com/lazycommit/lazycommit/cmd/core/brief.go:27.4,28.29 2 0
github.com/lazycommit/lazycommit/cmd/core/commit.go:20.36,29.48 1 0
github.com/lazycommit/lazycommit/cmd/core/commit.go:29.48,31.39 2 0
github.com/lazycommit/lazycommit/cmd/core/commit.go:31.39,33.5 1 0
github.com/lazycommit/lazycommit/cmd/core/commit.go:35.4,36.22 2 0
github.com/lazycommit/lazycommit/cmd/core/commit.go:36.22,37.28 1 0
github.com/lazycommit/lazycommit/cmd/core/commit.go:37.28,39.6 1 0
github.com/lazycommit/lazycommit/cmd/core/commit.go:39.11,41.6 1 0
github.com/lazycommit/lazycommit/cmd/core/commit.go:44.4,45.18 2 0
github.com/lazycommit/lazycommit/cmd/core/commit.go:45.18,48.5 2 0
github.com/lazycommit/lazycommit/cmd/core/commit.go:50.4,58.18 6 0
github.com/lazycommit/lazycommit/cmd/core/commit.go:58.18,61.5 2 0
github.com/lazycommit/lazycommit/cmd/core/commit.go:64.4,71.6 2 0
github.com/lazycommit/lazycommit/cmd/core/json.go:18.50,26.2 2 0
github.com/lazycommit/lazycommit/cmd/core/json.go:28.48,36.2 2 1
github.com/lazycommit/lazycommit/cmd/core/json.go:38.35,41.42 3 1
github.com/lazycommit/lazycommit/cmd/core/json.go:41.42,43.3 1 0
github.com/lazycommit/lazycommit/cmd/core/log.go:30.33,35.48 1 0
github.com/lazycommit/lazycommit/cmd/core/log.go:35.48,38.20 2 0
github.com/lazycommit/lazycommit/cmd/core/log.go:38.20,40.19 2 0
github.com/lazycommit/lazycommit/cmd/core/log.go:40.19,43.6 2 0
github.com/lazycommit/lazycommit/cmd/core/log.go:44.5,45.11 2 0
github.com/lazycommit/lazycommit/cmd/core/log.go:48.4,49.22 2 0
github.com/lazycommit/lazycommit/cmd/core/log.go:49.22,52.19 3 0
github.com/lazycommit/lazycommit/cmd/core/log.go:52.19,55.6 2 0
github.com/lazycommit/lazycommit/cmd/core/log.go:56.5,56.23 1 0
github.com/lazycommit/lazycommit/cmd/core/log.go:59.4,59.17 1 0
github.com/lazycommit/lazycommit/cmd/core/log.go:59.17,60.23 1 0
github.com/lazycommit/lazycommit/cmd/core/log.go:60.23,63.6 2 0
github.com/lazycommit/lazycommit/cmd/core/log.go:64.5,65.19 2 0
github.com/lazycommit/lazycommit/cmd/core/log.go:65.19,68.6 2 0
github.com/lazycommit/lazycommit/cmd/core/log.go:69.5,70.11 2 0
github.com/lazycommit/lazycommit/cmd/core/log.go:73.4,73.22 1 0
github.com/lazycommit/lazycommit/cmd/core/log.go:73.22,77.5 2 0
github.com/lazycommit/lazycommit/cmd/core/log.go:77.10,80.19 2 0
github.com/lazycommit/lazycommit/cmd/core/log.go:80.19,83.6 2 0
github.com/lazycommit/lazycommit/cmd/core/log.go:84.5,84.78 1 0
github.com/lazycommit/lazycommit/cmd/core/log.go:89.2,92.12 3 0
github.com/lazycommit/lazycommit/cmd/core/push.go:18.34,23.48 1 0
github.com/lazycommit/lazycommit/cmd/core/push.go:23.48,25.22 2 0
github.com/lazycommit/lazycommit/cmd/core/push.go:25.22,27.5 1 0
github.com/lazycommit/lazycommit/cmd/core/push.go:29.4,30.18 2 0
github.com/lazycommit/lazycommit/cmd/core/push.go:30.18,33.5 2 0
github.com/lazycommit/lazycommit/cmd/core/push.go:35.4,40.19 5 0
github.com/lazycommit/lazycommit/cmd/core/push.go:40.19,43.5 2 0
github.com/lazycommit/lazycommit/cmd/core/push.go:45.4,46.18 2 0
github.com/lazycommit/lazycommit/cmd/core/push.go:46.18,49.5 2 0
github.com/lazycommit/lazycommit/cmd/core/push.go:51.4,55.6 1 0
github.com/lazycommit/lazycommit/cmd/core/scan.go:10.34,15.48 1 0
github.com/lazycommit/lazycommit/cmd/core/scan.go:15.48,17.22 2 0
github.com/lazycommit/lazycommit/cmd/core/scan.go:17.22,19.5 1 0
github.com/lazycommit/lazycommit/cmd/core/scan.go:21.4,22.18 2 0
github.com/lazycommit/lazycommit/cmd/core/scan.go:22.18,25.5 2 0
github.com/lazycommit/lazycommit/cmd/core/scan.go:27.4,28.18 2 0
github.com/lazycommit/lazycommit/cmd/core/scan.go:28.18,31.5 2 0
github.com/lazycommit/lazycommit/cmd/core/scan.go:33.4,33.28 1 0
github.com/lazycommit/lazycommit/cmd/core/ssh.go:8.33,14.48 1 0
github.com/lazycommit/lazycommit/cmd/core/ssh.go:14.48,17.18 3 0
github.com/lazycommit/lazycommit/cmd/core/ssh.go:17.18,20.5 2 0
github.com/lazycommit/lazycommit/cmd/core/ssh.go:21.4,21.25 1 0
github.com/lazycommit/lazycommit/cmd/core/utils.go:8.55,9.25 1 0
github.com/lazycommit/lazycommit/cmd/core/utils.go:9.25,11.3 1 0
github.com/lazycommit/lazycommit/cmd/core/utils.go:12.2,12.42 1 0
github.com/lazycommit/lazycommit/cmd/core/utils.go:15.43,19.2 3 1
github.com/lazycommit/lazycommit/cmd/core/validate.go:23.38,28.48 1 0
github.com/lazycommit/lazycommit/cmd/core/validate.go:28.48,31.26 2 0
github.com/lazycommit/lazycommit/cmd/core/validate.go:31.26,34.21 3 0
github.com/lazycommit/lazycommit/cmd/core/validate.go:34.21,36.6 1 0
github.com/lazycommit/lazycommit/cmd/core/validate.go:39.4,39.33 1 0
github.com/lazycommit/lazycommit/cmd/core/validate.go:39.33,41.23 2 0
github.com/lazycommit/lazycommit/cmd/core/validate.go:41.23,43.6 1 0
github.com/lazycommit/lazycommit/cmd/core/validate.go:44.5,45.19 2 0
github.com/lazycommit/lazycommit/cmd/core/validate.go:45.19,48.6 2 0
github.com/lazycommit/lazycommit/cmd/core/validate.go:51.4,51.31 1 0
github.com/lazycommit/lazycommit/cmd/core/validate.go:55.2,59.12 4 0
github.com/lazycommit/lazycommit/cmd/core/watch.go:22.35,30.48 1 0
github.com/lazycommit/lazycommit/cmd/core/watch.go:30.48,39.14 6 0
github.com/lazycommit/lazycommit/cmd/core/watch.go:39.14,42.5 2 0
github.com/lazycommit/lazycommit/cmd/core/watch.go:44.4,48.30 3 0
github.com/lazycommit/lazycommit/cmd/core/watch.go:48.30,50.19 2 0
github.com/lazycommit/lazycommit/cmd/core/watch.go:50.19,51.14 1 0
github.com/lazycommit/lazycommit/cmd/core/watch.go:54.5,55.23 2 0
github.com/lazycommit/lazycommit/cmd/core/watch.go:55.23,60.16 3 0
github.com/lazycommit/lazycommit/cmd/core/watch.go:60.16,61.43 1 0
github.com/lazycommit/lazycommit/cmd/core/watch.go:61.44,63.8 0 0
github.com/lazycommit/lazycommit/cmd/core/watch.go:67.6,67.10 1 0
github.com/lazycommit/lazycommit/cmd/core/watch.go:67.10,68.14 1 0
github.com/lazycommit/lazycommit/cmd/core/watch.go:69.32,74.9 1 0
github.com/lazycommit/lazycommit/cmd/core/watch.go:75.25,76.14 1 0
github.com/lazycommit/lazycommit/cmd/core/watch.go:83.4,83.14 1 0
github.com/lazycommit/lazycommit/cmd/core/watch.go:83.14,84.31 1 0
github.com/lazycommit/lazycommit/cmd/core/watch.go:84.31,86.6 1 0
github.com/lazycommit/lazycommit/cmd/core/watch.go:89.4,90.20 2 0
github.com/lazycommit/lazycommit/cmd/dev/daemon.go:18.36,23.48 1 0
github.com/lazycommit/lazycommit/cmd/dev/daemon.go:23.48,25.18 2 0
github.com/lazycommit/lazycommit/cmd/dev/daemon.go:25.18,27.5 1 0
github.com/lazycommit/lazycommit/cmd/dev/daemon.go:29.4,30.23 2 0
github.com/lazycommit/lazycommit/cmd/dev/daemon.go:30.23,33.5 2 0
github.com/lazycommit/lazycommit/cmd/dev/daemon.go:33.10,35.5 1 0
github.com/lazycommit/lazycommit/cmd/dev/daemon.go:36.4,46.18 8 0
github.com/lazycommit/lazycommit/cmd/dev/daemon.go:46.18,48.5 1 0
github.com/lazycommit/lazycommit/cmd/dev/daemon.go:49.4,51.56 2 0
github.com/lazycommit/lazycommit/cmd/dev/daemon.go:51.56,53.5 1 0
github.com/lazycommit/lazycommit/cmd/dev/daemon.go:57.2,58.12 2 0
github.com/lazycommit/lazycommit/cmd/dev/destroy.go:14.37,19.48 1 0
github.com/lazycommit/lazycommit/cmd/dev/destroy.go:19.48,25.38 5 0
github.com/lazycommit/lazycommit/cmd/dev/destroy.go:25.38,28.5 2 0
github.com/lazycommit/lazycommit/cmd/dev/destroy.go:30.4,47.18 10 0
github.com/lazycommit/lazycommit/cmd/dev/destroy.go:47.18,50.5 2 0
github.com/lazycommit/lazycommit/cmd/dev/destroy.go:52.4,52.75 1 0
github.com/lazycommit/lazycommit/cmd/dev/logs.go:17.34,22.48 1 1
github.com/lazycommit/lazycommit/cmd/dev/logs.go:22.48,24.22 2 1
github.com/lazycommit/lazycommit/cmd/dev/logs.go:24.22,26.5 1 1
github.com/lazycommit/lazycommit/cmd/dev/logs.go:26.10,28.19 2 0
github.com/lazycommit/lazycommit/cmd/dev/logs.go:28.19,31.6 2 0
github.com/lazycommit/lazycommit/cmd/dev/logs.go:32.5,32.19 1 0
github.com/lazycommit/lazycommit/cmd/dev/logs.go:35.4,36.18 2 1
github.com/lazycommit/lazycommit/cmd/dev/logs.go:36.18,39.5 2 0
github.com/lazycommit/lazycommit/cmd/dev/logs.go:41.4,45.54 4 1
github.com/lazycommit/lazycommit/cmd/dev/logs.go:45.54,48.5 2 1
github.com/lazycommit/lazycommit/cmd/dev/logs.go:50.4,51.18 2 1
github.com/lazycommit/lazycommit/cmd/dev/logs.go:51.18,54.5 2 0
github.com/lazycommit/lazycommit/cmd/dev/logs.go:55.4,62.23 6 1
github.com/lazycommit/lazycommit/cmd/dev/logs.go:62.23,64.67 2 1
github.com/lazycommit/lazycommit/cmd/dev/logs.go:64.67,65.14 1 0
github.com/lazycommit/lazycommit/cmd/dev/logs.go:68.5,72.26 5 1
github.com/lazycommit/lazycommit/cmd/dev/logs.go:72.26,74.6 1 0
github.com/lazycommit/lazycommit/cmd/dev/logs.go:76.5,76.76 1 1
github.com/lazycommit/lazycommit/cmd/dev/logs.go:79.4,79.40 1 1
github.com/lazycommit/lazycommit/cmd/dev/logs.go:79.40,81.5 1 0
github.com/lazycommit/lazycommit/cmd/dev/reset.go:11.35,15.48 1 0
github.com/lazycommit/lazycommit/cmd/dev/reset.go:15.48,30.41 10 0
github.com/lazycommit/lazycommit/cmd/dev/reset.go:30.41,33.5 2 0
github.com/lazycommit/lazycommit/cmd/dev/reset.go:35.4,35.55 1 0
github.com/lazycommit/lazycommit/cmd/dev/schedule.go:39.38,50.48 1 1
github.com/lazycommit/lazycommit/cmd/dev/schedule.go:50.48,52.18 2 1
github.com/lazycommit/lazycommit/cmd/dev/schedule.go:52.18,55.5 2 0
github.com/lazycommit/lazycommit/cmd/dev/schedule.go:57.4,57.27 1 1
github.com/lazycommit/lazycommit/cmd/dev/schedule.go:57.27,59.19 2 0
github.com/lazycommit/lazycommit/cmd/dev/schedule.go:59.19,62.6 2 0
github.com/lazycommit/lazycommit/cmd/dev/schedule.go:63.5,63.22 1 0
github.com/lazycommit/lazycommit/cmd/dev/schedule.go:63.22,66.6 2 0
github.com/lazycommit/lazycommit/cmd/dev/schedule.go:67.5,72.11 2 0
github.com/lazycommit/lazycommit/cmd/dev/schedule.go:75.4,75.16 1 1
github.com/lazycommit/lazycommit/cmd/dev/schedule.go:75.16,77.19 2 0
github.com/lazycommit/lazycommit/cmd/dev/schedule.go:77.19,80.6 2 0
github.com/lazycommit/lazycommit/cmd/dev/schedule.go:81.5,82.11 2 0
github.com/lazycommit/lazycommit/cmd/dev/schedule.go:85.4,86.22 2 1
github.com/lazycommit/lazycommit/cmd/dev/schedule.go:86.22,88.5 1 0
github.com/lazycommit/lazycommit/cmd/dev/schedule.go:89.4,90.18 2 1
github.com/lazycommit/lazycommit/cmd/dev/schedule.go:90.18,93.5 2 0
github.com/lazycommit/lazycommit/cmd/dev/schedule.go:95.4,98.18 3 1
github.com/lazycommit/lazycommit/cmd/dev/schedule.go:98.18,102.5 3 0
github.com/lazycommit/lazycommit/cmd/dev/schedule.go:102.10,102.23 1 1
github.com/lazycommit/lazycommit/cmd/dev/schedule.go:102.23,104.5 1 0
github.com/lazycommit/lazycommit/cmd/dev/schedule.go:104.10,104.28 1 1
github.com/lazycommit/lazycommit/cmd/dev/schedule.go:104.28,107.5 2 0
github.com/lazycommit/lazycommit/cmd/dev/schedule.go:107.10,110.5 2 1
github.com/lazycommit/lazycommit/cmd/dev/schedule.go:112.4,113.18 2 0
github.com/lazycommit/lazycommit/cmd/dev/schedule.go:113.18,116.5 2 0
github.com/lazycommit/lazycommit/cmd/dev/schedule.go:118.4,118.21 1 0
github.com/lazycommit/lazycommit/cmd/dev/schedule.go:118.21,121.5 2 0
github.com/lazycommit/lazycommit/cmd/dev/schedule.go:124.4,134.6 2 0
github.com/lazycommit/lazycommit/cmd/dev/schedule.go:138.2,145.12 7 1
github.com/lazycommit/lazycommit/cmd/dev/start.go:22.35,26.48 1 1
github.com/lazycommit/lazycommit/cmd/dev/start.go:26.48,30.37 3 1
github.com/lazycommit/lazycommit/cmd/dev/start.go:30.37,34.5 3 0
github.com/lazycommit/lazycommit/cmd/dev/start.go:35.4,37.19 2 1
github.com/lazycommit/lazycommit/cmd/dev/start.go:37.19,39.19 2 0
github.com/lazycommit/lazycommit/cmd/dev/start.go:39.19,42.6 2 0
github.com/lazycommit/lazycommit/cmd/dev/start.go:43.5,44.11 2 0
github.com/lazycommit/lazycommit/cmd/dev/start.go:47.4,50.46 3 1
github.com/lazycommit/lazycommit/cmd/dev/start.go:50.46,54.19 4 0
github.com/lazycommit/lazycommit/cmd/dev/start.go:54.19,56.20 2 0
github.com/lazycommit/lazycommit/cmd/dev/start.go:56.20,59.7 2 0
github.com/lazycommit/lazycommit/cmd/dev/start.go:63.4,63.15 1 1
github.com/lazycommit/lazycommit/cmd/dev/start.go:63.15,66.18 2 0
github.com/lazycommit/lazycommit/cmd/dev/start.go:66.18,68.6 1 0
github.com/lazycommit/lazycommit/cmd/dev/start.go:69.5,74.43 6 0
github.com/lazycommit/lazycommit/cmd/dev/start.go:74.43,76.6 1 0
github.com/lazycommit/lazycommit/cmd/dev/start.go:77.5,77.11 1 0
github.com/lazycommit/lazycommit/cmd/dev/start.go:80.4,82.17 3 1
github.com/lazycommit/lazycommit/cmd/dev/start.go:82.17,84.5 1 0
github.com/lazycommit/lazycommit/cmd/dev/start.go:85.4,99.18 10 1
github.com/lazycommit/lazycommit/cmd/dev/start.go:99.18,102.5 2 0
github.com/lazycommit/lazycommit/cmd/dev/start.go:104.4,104.78 1 1
github.com/lazycommit/lazycommit/cmd/dev/start.go:108.2,111.12 4 1
github.com/lazycommit/lazycommit/cmd/dev/status.go:14.36,18.48 1 1
github.com/lazycommit/lazycommit/cmd/dev/status.go:18.48,22.46 3 1
github.com/lazycommit/lazycommit/cmd/dev/status.go:22.46,25.5 2 1
github.com/lazycommit/lazycommit/cmd/dev/status.go:27.4,30.18 4 1
github.com/lazycommit/lazycommit/cmd/dev/status.go:30.18,32.19 2 1
github.com/lazycommit/lazycommit/cmd/dev/status.go:32.19,36.20 3 1
github.com/lazycommit/lazycommit/cmd/dev/status.go:36.20,39.7 2 0
github.com/lazycommit/lazycommit/cmd/dev/status.go:41.6,42.20 2 1
github.com/lazycommit/lazycommit/cmd/dev/status.go:42.20,45.7 2 1
github.com/lazycommit/lazycommit/cmd/dev/status.go:47.6,48.38 2 0
github.com/lazycommit/lazycommit/cmd/dev/status.go:48.38,50.7 1 0
github.com/lazycommit/lazycommit/cmd/dev/status.go:51.6,51.12 1 0
github.com/lazycommit/lazycommit/cmd/dev/status.go:55.4,55.68 1 1
github.com/lazycommit/lazycommit/cmd/dev/stop.go:16.34,20.48 1 1
github.com/lazycommit/lazycommit/cmd/dev/stop.go:20.48,25.46 4 1
github.com/lazycommit/lazycommit/cmd/dev/stop.go:25.46,29.5 3 1
github.com/lazycommit/lazycommit/cmd/dev/stop.go:31.4,34.18 4 0
github.com/lazycommit/lazycommit/cmd/dev/stop.go:34.18,38.5 3 0
github.com/lazycommit/lazycommit/cmd/dev/stop.go:41.4,42.18 2 0
github.com/lazycommit/lazycommit/cmd/dev/stop.go:42.18,46.5 3 0
github.com/lazycommit/lazycommit/cmd/dev/stop.go:48.4,48.17 1 0
github.com/lazycommit/lazycommit/cmd/dev/stop.go:48.17,51.5 2 0
github.com/lazycommit/lazycommit/cmd/dev/stop.go:51.10,54.5 2 0
github.com/lazycommit/lazycommit/cmd/dev/stop.go:57.4,57.28 1 0
github.com/lazycommit/lazycommit/cmd/dev/stop.go:57.28,59.19 2 0
github.com/lazycommit/lazycommit/cmd/dev/stop.go:59.19,63.6 3 0
github.com/lazycommit/lazycommit/cmd/dev/stop.go:64.5,64.39 1 0
github.com/lazycommit/lazycommit/cmd/dev/stop.go:67.4,67.18 1 0
github.com/lazycommit/lazycommit/cmd/dev/stop.go:67.18,69.5 1 0
github.com/lazycommit/lazycommit/cmd/dev/stop.go:69.10,71.5 1 0
github.com/lazycommit/lazycommit/cmd/dev/stop.go:75.2,76.12 2 1
github.com/lazycommit/lazycommit/cmd/dev/stop.go:79.52,80.44 1 1
github.com/lazycommit/lazycommit/cmd/dev/stop.go:80.44,82.3 1 0
github.com/lazycommit/lazycommit/cmd/dev/stop.go:83.2,83.47 1 1
github.com/lazycommit/lazycommit/cmd/dev/stop.go:83.47,85.3 1 0
github.com/lazycommit/lazycommit/cmd/core/brief.go:10.35,15.48 1 1
github.com/lazycommit/lazycommit/cmd/core/brief.go:15.48,17.22 2 1
github.com/lazycommit/lazycommit/cmd/core/brief.go:17.22,19.5 1 1
github.com/lazycommit/lazycommit/cmd/core/brief.go:21.4,22.18 2 1
github.com/lazycommit/lazycommit/cmd/core/brief.go:22.18,25.5 2 0
github.com/lazycommit/lazycommit/cmd/core/brief.go:27.4,28.29 2 1
github.com/lazycommit/lazycommit/cmd/core/commit.go:20.36,29.48 1 1
github.com/lazycommit/lazycommit/cmd/core/commit.go:29.48,31.39 2 1
github.com/lazycommit/lazycommit/cmd/core/commit.go:31.39,33.5 1 1
github.com/lazycommit/lazycommit/cmd/core/commit.go:35.4,36.22 2 1
github.com/lazycommit/lazycommit/cmd/core/commit.go:36.22,37.28 1 1
github.com/lazycommit/lazycommit/cmd/core/commit.go:37.28,39.6 1 0
github.com/lazycommit/lazycommit/cmd/core/commit.go:39.11,41.6 1 1
github.com/lazycommit/lazycommit/cmd/core/commit.go:44.4,45.18 2 1
github.com/lazycommit/lazycommit/cmd/core/commit.go:45.18,48.5 2 0
github.com/lazycommit/lazycommit/cmd/core/commit.go:50.4,58.18 6 1
github.com/lazycommit/lazycommit/cmd/core/commit.go:58.18,61.5 2 0
github.com/lazycommit/lazycommit/cmd/core/commit.go:64.4,71.6 2 1
github.com/lazycommit/lazycommit/cmd/core/json.go:18.50,26.2 2 1
github.com/lazycommit/lazycommit/cmd/core/json.go:28.48,36.2 2 1
github.com/lazycommit/lazycommit/cmd/core/json.go:38.35,41.42 3 1
github.com/lazycommit/lazycommit/cmd/core/json.go:41.42,43.3 1 0
github.com/lazycommit/lazycommit/cmd/core/log.go:30.33,35.48 1 1
github.com/lazycommit/lazycommit/cmd/core/log.go:35.48,38.20 2 1
github.com/lazycommit/lazycommit/cmd/core/log.go:38.20,40.19 2 1
github.com/lazycommit/lazycommit/cmd/core/log.go:40.19,43.6 2 0
github.com/lazycommit/lazycommit/cmd/core/log.go:44.5,45.11 2 1
github.com/lazycommit/lazycommit/cmd/core/log.go:48.4,49.22 2 1
github.com/lazycommit/lazycommit/cmd/core/log.go:49.22,52.19 3 1
github.com/lazycommit/lazycommit/cmd/core/log.go:52.19,55.6 2 0
github.com/lazycommit/lazycommit/cmd/core/log.go:56.5,56.23 1 1
github.com/lazycommit/lazycommit/cmd/core/log.go:59.4,59.17 1 1
github.com/lazycommit/lazycommit/cmd/core/log.go:59.17,60.23 1 1
github.com/lazycommit/lazycommit/cmd/core/log.go:60.23,63.6 2 0
github.com/lazycommit/lazycommit/cmd/core/log.go:64.5,65.19 2 1
github.com/lazycommit/lazycommit/cmd/core/log.go:65.19,68.6 2 0
github.com/lazycommit/lazycommit/cmd/core/log.go:69.5,70.11 2 1
github.com/lazycommit/lazycommit/cmd/core/log.go:73.4,73.22 1 1
github.com/lazycommit/lazycommit/cmd/core/log.go:73.22,77.5 2 1
github.com/lazycommit/lazycommit/cmd/core/log.go:77.10,80.19 2 1
github.com/lazycommit/lazycommit/cmd/core/log.go:80.19,83.6 2 0
github.com/lazycommit/lazycommit/cmd/core/log.go:84.5,84.78 1 1
github.com/lazycommit/lazycommit/cmd/core/log.go:89.2,92.12 3 1
github.com/lazycommit/lazycommit/cmd/core/push.go:18.34,23.48 1 1
github.com/lazycommit/lazycommit/cmd/core/push.go:23.48,25.22 2 1
github.com/lazycommit/lazycommit/cmd/core/push.go:25.22,27.5 1 1
github.com/lazycommit/lazycommit/cmd/core/push.go:29.4,30.18 2 1
github.com/lazycommit/lazycommit/cmd/core/push.go:30.18,33.5 2 0
github.com/lazycommit/lazycommit/cmd/core/push.go:35.4,40.19 5 1
github.com/lazycommit/lazycommit/cmd/core/push.go:40.19,43.5 2 1
github.com/lazycommit/lazycommit/cmd/core/push.go:45.4,46.18 2 0
github.com/lazycommit/lazycommit/cmd/core/push.go:46.18,49.5 2 0
github.com/lazycommit/lazycommit/cmd/core/push.go:51.4,55.6 1 0
github.com/lazycommit/lazycommit/cmd/core/scan.go:10.34,15.48 1 1
github.com/lazycommit/lazycommit/cmd/core/scan.go:15.48,17.22 2 1
github.com/lazycommit/lazycommit/cmd/core/scan.go:17.22,19.5 1 1
github.com/lazycommit/lazycommit/cmd/core/scan.go:21.4,22.18 2 1
github.com/lazycommit/lazycommit/cmd/core/scan.go:22.18,25.5 2 0
github.com/lazycommit/lazycommit/cmd/core/scan.go:27.4,28.18 2 1
github.com/lazycommit/lazycommit/cmd/core/scan.go:28.18,31.5 2 0
github.com/lazycommit/lazycommit/cmd/core/scan.go:33.4,33.28 1 1
github.com/lazycommit/lazycommit/cmd/core/ssh.go:8.33,14.48 1 1
github.com/lazycommit/lazycommit/cmd/core/ssh.go:14.48,17.18 3 1
github.com/lazycommit/lazycommit/cmd/core/ssh.go:17.18,20.5 2 0
github.com/lazycommit/lazycommit/cmd/core/ssh.go:21.4,21.25 1 1
github.com/lazycommit/lazycommit/cmd/core/utils.go:8.55,9.25 1 1
github.com/lazycommit/lazycommit/cmd/core/utils.go:9.25,11.3 1 1
github.com/lazycommit/lazycommit/cmd/core/utils.go:12.2,12.42 1 1
github.com/lazycommit/lazycommit/cmd/core/utils.go:15.43,19.2 3 1
github.com/lazycommit/lazycommit/cmd/core/validate.go:23.38,28.48 1 1
github.com/lazycommit/lazycommit/cmd/core/validate.go:28.48,31.26 2 1
github.com/lazycommit/lazycommit/cmd/core/validate.go:31.26,34.21 3 0
github.com/lazycommit/lazycommit/cmd/core/validate.go:34.21,36.6 1 0
github.com/lazycommit/lazycommit/cmd/core/validate.go:39.4,39.33 1 1
github.com/lazycommit/lazycommit/cmd/core/validate.go:39.33,41.23 2 1
github.com/lazycommit/lazycommit/cmd/core/validate.go:41.23,43.6 1 1
github.com/lazycommit/lazycommit/cmd/core/validate.go:44.5,45.19 2 1
github.com/lazycommit/lazycommit/cmd/core/validate.go:45.19,48.6 2 1
github.com/lazycommit/lazycommit/cmd/core/validate.go:51.4,51.31 1 1
github.com/lazycommit/lazycommit/cmd/core/validate.go:55.2,59.12 4 1
github.com/lazycommit/lazycommit/cmd/core/watch.go:22.35,30.48 1 0
github.com/lazycommit/lazycommit/cmd/core/watch.go:30.48,39.14 6 0
github.com/lazycommit/lazycommit/cmd/core/watch.go:39.14,42.5 2 0
github.com/lazycommit/lazycommit/cmd/core/watch.go:44.4,48.30 3 0
github.com/lazycommit/lazycommit/cmd/core/watch.go:48.30,50.19 2 0
github.com/lazycommit/lazycommit/cmd/core/watch.go:50.19,51.14 1 0
github.com/lazycommit/lazycommit/cmd/core/watch.go:54.5,55.23 2 0
github.com/lazycommit/lazycommit/cmd/core/watch.go:55.23,60.16 3 0
github.com/lazycommit/lazycommit/cmd/core/watch.go:60.16,61.43 1 0
github.com/lazycommit/lazycommit/cmd/core/watch.go:61.44,63.8 0 0
github.com/lazycommit/lazycommit/cmd/core/watch.go:67.6,67.10 1 0
github.com/lazycommit/lazycommit/cmd/core/watch.go:67.10,68.14 1 0
github.com/lazycommit/lazycommit/cmd/core/watch.go:69.32,74.9 1 0
github.com/lazycommit/lazycommit/cmd/core/watch.go:75.25,76.14 1 0
github.com/lazycommit/lazycommit/cmd/core/watch.go:83.4,83.14 1 0
github.com/lazycommit/lazycommit/cmd/core/watch.go:83.14,84.31 1 0
github.com/lazycommit/lazycommit/cmd/core/watch.go:84.31,86.6 1 0
github.com/lazycommit/lazycommit/cmd/core/watch.go:89.4,90.20 2 0
